<?xml version="1.0" encoding="UTF-8"?>
<!-- Generated by org.testng.reporters.JUnitReportReporter -->
<testsuite skipped="0" hostname="DESKTOP-0IMA24S" name="datadriven.MyDataDrivenScript" tests="10" failures="0" timestamp="08 Jul 2018 02:58:48 GMT" time="108.881" errors="0">
  <testcase name="loginToFacebook" time="10.501" classname="datadriven.MyDataDrivenScript"/>
  <testcase name="loginToFacebook" time="11.112" classname="datadriven.MyDataDrivenScript"/>
  <testcase name="loginToFacebook" time="12.242" classname="datadriven.MyDataDrivenScript"/>
  <testcase name="loginToFacebook" time="10.663" classname="datadriven.MyDataDrivenScript"/>
  <testcase name="loginToFacebook" time="9.881" classname="datadriven.MyDataDrivenScript"/>
  <testcase name="loginToFacebook" time="9.983" classname="datadriven.MyDataDrivenScript"/>
  <testcase name="loginToFacebook" time="11.011" classname="datadriven.MyDataDrivenScript"/>
  <testcase name="loginToFacebook" time="11.543" classname="datadriven.MyDataDrivenScript"/>
  <testcase name="loginToFacebook" time="10.330" classname="datadriven.MyDataDrivenScript"/>
  <testcase name="loginToFacebook" time="11.615" classname="datadriven.MyDataDrivenScript"/>
</testsuite> <!-- datadriven.MyDataDrivenScript -->
