<?xml version="1.0" encoding="UTF-8"?>
<!-- Generated by org.testng.reporters.JUnitReportReporter -->
<testsuite skipped="0" hostname="DESKTOP-0IMA24S" name="TestNGB9.MyGroupA" tests="4" failures="0" timestamp="02 Jul 2018 12:21:20 GMT" time="0.032" errors="0">
  <testcase name="test3" time="0.000" classname="TestNGB9.MyGroupA"/>
  <testcase name="test1" time="0.016" classname="TestNGB9.MyGroupA"/>
  <testcase name="test4" time="0.016" classname="TestNGB9.MyGroupA"/>
  <testcase name="test2" time="0.000" classname="TestNGB9.MyGroupA"/>
</testsuite> <!-- TestNGB9.MyGroupA -->
