<?xml version="1.0" encoding="UTF-8"?>
<!-- Generated by org.testng.reporters.JUnitReportReporter -->
<testsuite skipped="0" hostname="DESKTOP-0IMA24S" name="keyworddriven.KeywordDrivenScript1" tests="1" failures="0" timestamp="08 Jul 2018 04:12:14 GMT" time="10.545" errors="0">
  <testcase name="loginFacebook" time="10.545" classname="keyworddriven.KeywordDrivenScript1"/>
</testsuite> <!-- keyworddriven.KeywordDrivenScript1 -->
