<?xml version="1.0" encoding="UTF-8"?>
<!-- Generated by org.testng.reporters.JUnitReportReporter -->
<testsuite skipped="1" hostname="DESKTOP-0IMA24S" name="datadriven.MyDataDrivenScript" tests="1" failures="0" timestamp="03 Aug 2018 20:40:02 GMT" time="0.000" errors="0">
  <testcase name="loginToFacebook" time="0.000" classname="datadriven.MyDataDrivenScript">
    <skipped/>
  </testcase> <!-- loginToFacebook -->
</testsuite> <!-- datadriven.MyDataDrivenScript -->
