<?xml version="1.0" encoding="UTF-8"?>
<!-- Generated by org.testng.reporters.JUnitReportReporter -->
<testsuite skipped="0" hostname="DESKTOP-0IMA24S" name="TestNGB9.ParallelClassB" tests="2" failures="0" timestamp="02 Jul 2018 11:40:38 GMT" time="2.040" errors="0">
  <testcase name="myTest1" time="1.032" classname="TestNGB9.ParallelClassB"/>
  <testcase name="myTest2" time="1.008" classname="TestNGB9.ParallelClassB"/>
</testsuite> <!-- TestNGB9.ParallelClassB -->
