<?xml version="1.0" encoding="UTF-8"?>
<!-- Generated by org.testng.reporters.JUnitReportReporter -->
<testsuite skipped="0" hostname="DESKTOP-0IMA24S" name="TestNGB9.MyGroupB" tests="3" failures="0" timestamp="01 Jul 2018 04:26:46 GMT" time="0.016" errors="0">
  <testcase name="test2" time="0.009" classname="TestNGB9.MyGroupB"/>
  <testcase name="test3" time="0.005" classname="TestNGB9.MyGroupB"/>
  <testcase name="test4" time="0.002" classname="TestNGB9.MyGroupB"/>
</testsuite> <!-- TestNGB9.MyGroupB -->
