<?xml version="1.0" encoding="UTF-8"?>
<!-- Generated by org.testng.reporters.JUnitReportReporter -->
<testsuite skipped="0" hostname="DESKTOP-0IMA24S" name="TestNGB9.PriorityTest" tests="6" failures="0" timestamp="01 Jul 2018 03:25:36 GMT" time="0.020" errors="0">
  <testcase name="deleteU" time="0.000" classname="TestNGB9.PriorityTest"/>
  <testcase name="createG" time="0.001" classname="TestNGB9.PriorityTest"/>
  <testcase name="login" time="0.000" classname="TestNGB9.PriorityTest"/>
  <testcase name="login1" time="0.000" classname="TestNGB9.PriorityTest"/>
  <testcase name="createU" time="0.004" classname="TestNGB9.PriorityTest"/>
  <testcase name="aaa" time="0.015" classname="TestNGB9.PriorityTest"/>
</testsuite> <!-- TestNGB9.PriorityTest -->
