<?xml version="1.0" encoding="UTF-8"?>
<!-- Generated by org.testng.reporters.JUnitReportReporter -->
<testsuite skipped="0" hostname="DESKTOP-0IMA24S" name="TestNGB9.ParallelClassA" tests="2" failures="0" timestamp="02 Jul 2018 11:40:38 GMT" time="2.034" errors="0">
  <testcase name="myTest2" time="1.002" classname="TestNGB9.ParallelClassA"/>
  <testcase name="myTest1" time="1.032" classname="TestNGB9.ParallelClassA"/>
</testsuite> <!-- TestNGB9.ParallelClassA -->
