<?xml version="1.0" encoding="UTF-8"?>
<!-- Generated by org.testng.reporters.JUnitReportReporter -->
<testsuite skipped="1" hostname="DESKTOP-0IMA24S" name="TestNGB9.TestNGenabledDisabled" tests="2" failures="0" timestamp="01 Jul 2018 04:06:41 GMT" time="0.017" errors="0">
  <testcase name="myTest2" time="0.017" classname="TestNGB9.TestNGenabledDisabled"/>
  <testcase name="myTest1" classname="TestNGB9.TestNGenabledDisabled">
    <skipped/>
  </testcase> <!-- myTest1 -->
</testsuite> <!-- TestNGB9.TestNGenabledDisabled -->
