<?xml version="1.0" encoding="UTF-8"?>
<!-- Generated by org.testng.reporters.JUnitReportReporter -->
<testsuite skipped="0" hostname="DESKTOP-0IMA24S" name="com.prac.tal.HalfEbayTest" tests="3" failures="0" timestamp="26 Sep 2018 20:03:42 GMT" time="36.056" errors="0">
  <testcase name="HalfEbayRegPage" time="13.152" classname="com.prac.tal.HalfEbayTest"/>
  <testcase name="HalfEbayRegPage" time="11.651" classname="com.prac.tal.HalfEbayTest"/>
  <testcase name="HalfEbayRegPage" time="11.253" classname="com.prac.tal.HalfEbayTest"/>
</testsuite> <!-- com.prac.tal.HalfEbayTest -->
